[debug] [2024-02-22T10:07:26.303Z] ----------------------------------------------------------------------
[debug] [2024-02-22T10:07:26.306Z] Command:       C:\Program Files\nodejs\node.exe C:\Program Files\nodejs\node_modules\firebase-tools\lib\bin\firebase.js init
[debug] [2024-02-22T10:07:26.306Z] CLI Version:   13.3.1
[debug] [2024-02-22T10:07:26.307Z] Platform:      win32
[debug] [2024-02-22T10:07:26.307Z] Node Version:  v18.19.0
[debug] [2024-02-22T10:07:26.308Z] Time:          Thu Feb 22 2024 15:37:26 GMT+0530 (India Standard Time)
[debug] [2024-02-22T10:07:26.308Z] ----------------------------------------------------------------------
[debug] 
[debug] [2024-02-22T10:07:26.311Z] >>> [apiv2][query] GET https://firebase-public.firebaseio.com/cli.json [none]
[debug] [2024-02-22T10:07:26.361Z] > command requires scopes: ["email","openid","https://www.googleapis.com/auth/cloudplatformprojects.readonly","https://www.googleapis.com/auth/firebase","https://www.googleapis.com/auth/cloud-platform"]
[debug] [2024-02-22T10:07:26.362Z] > authorizing via signed-in user (mukeshkk3162@gmail.com)
[info] 
     ######## #### ########  ######## ########     ###     ######  ########
     ##        ##  ##     ## ##       ##     ##  ##   ##  ##       ##
     ######    ##  ########  ######   ########  #########  ######  ######
     ##        ##  ##    ##  ##       ##     ## ##     ##       ## ##
     ##       #### ##     ## ######## ########  ##     ##  ######  ########

You're about to initialize a Firebase project in this directory:

  C:\Users\mukes\InternWork\richpanel

[debug] [2024-02-22T10:07:27.607Z] <<< [apiv2][status] GET https://firebase-public.firebaseio.com/cli.json 200
[debug] [2024-02-22T10:07:27.608Z] <<< [apiv2][body] GET https://firebase-public.firebaseio.com/cli.json {"cloudBuildErrorAfter":1594252800000,"cloudBuildWarnAfter":1590019200000,"defaultNode10After":1594252800000,"minVersion":"3.0.5","node8DeploysDisabledAfter":1613390400000,"node8RuntimeDisabledAfter":1615809600000,"node8WarnAfter":1600128000000}
